<?xml version="1.0" encoding="UTF-8"?>
<!-- Generated by org.testng.reporters.JUnitXMLReporter -->
<testsuite hostname="HARSHA-PC" ignored="3" name="Test1" tests="5" failures="0" timestamp="2020-03-24T16:49:32 IST" time="0.128" errors="0">
  <testcase name="Admin1" time="0.017" classname="cts.testng.harsha.Display"/>
  <testcase name="Admin2" time="0.006" classname="cts.testng.harsha.Display"/>
  <testcase name="Customer1" time="0.005" classname="cts.testng.harsha.Display"/>
  <testcase name="Customer2" time="0.005" classname="cts.testng.harsha.Display"/>
  <testcase name="Customer3" time="0.003" classname="cts.testng.harsha.Display"/>
  <testcase name="Vendor3" time="0.0" classname="cts.testng.harsha.Display">
    <ignored/>
  </testcase> <!-- Vendor3 -->
  <testcase name="Vendor2" time="0.0" classname="cts.testng.harsha.Display">
    <ignored/>
  </testcase> <!-- Vendor2 -->
  <testcase name="Vendor1" time="0.0" classname="cts.testng.harsha.Display">
    <ignored/>
  </testcase> <!-- Vendor1 -->
</testsuite> <!-- Test1 -->
