<?xml version="1.0" encoding="UTF-8"?>
<!-- Generated by org.testng.reporters.JUnitXMLReporter -->
<testsuite hostname="HARSHA-PC" ignored="0" name="Test" tests="6" failures="0" timestamp="2020-03-24T16:22:09 IST" time="0.148" errors="0">
  <testcase name="testcase4" time="0.023" classname="cts.testng.harsha.ParallelTestCases2"/>
  <testcase name="testcase3" time="0.022" classname="cts.testng.harsha.ParallelTestCases"/>
  <testcase name="testcase1" time="0.021" classname="cts.testng.harsha.ParallelTestCases"/>
  <testcase name="testcase2" time="0.022" classname="cts.testng.harsha.ParallelTestCases"/>
  <testcase name="testcase6" time="0.004" classname="cts.testng.harsha.ParallelTestCases2"/>
  <testcase name="testcase5" time="0.027" classname="cts.testng.harsha.ParallelTestCases2"/>
</testsuite> <!-- Test -->
